<?xml version="1.0" encoding="UTF-8"?>
<!-- Generated by org.testng.reporters.JUnitXMLReporter -->
<testsuite ignored="0" hostname="SMPC015" failures="0" tests="3" name="HomepageTests" time="26.181" errors="0" timestamp="2024-09-27T16:21:34 IST">
  <testcase classname="com.shop.Homepage" name="banner" time="0.0">
    <skipped/>
  </testcase> <!-- banner -->
  <testcase classname="com.shop.Homepage" name="verifyLogoAndClick" time="0.0">
    <skipped/>
  </testcase> <!-- verifyLogoAndClick -->
  <testcase classname="com.shop.Homepage" name="contentBlock" time="0.001">
    <skipped/>
  </testcase> <!-- contentBlock -->
</testsuite> <!-- HomepageTests -->
