<?xml version="1.0" encoding="UTF-8"?>
<!-- Generated by org.testng.reporters.JUnitXMLReporter -->
<testsuite ignored="0" hostname="SMPC015" failures="0" tests="5" name="Default test" time="97.233" errors="0" timestamp="2024-11-19T11:29:15 IST">
  <testcase classname="com.shop.LoginPage" name="TestLoginFunctioanlity" time="31.941"/>
  <testcase classname="com.shop.End_to_End_Flow" name="closeInformation" time="10.053"/>
  <testcase classname="com.shop.End_to_End_Flow" name="Product_MegaMenu" time="2.822"/>
  <testcase classname="com.shop.End_to_End_Flow" name="PLP" time="4.491"/>
  <testcase classname="com.shop.End_to_End_Flow" name="PDP" time="32.056"/>
</testsuite> <!-- Default test -->
