<?xml version="1.0" encoding="UTF-8"?>
<testng-results ignored="0" total="5" passed="4" failed="1" skipped="0">
  <reporter-output>
  </reporter-output>
  <suite started-at="2024-12-16T13:50:17 IST" name="Suite" finished-at="2024-12-16T13:51:21 IST" duration-ms="64316">
    <groups>
    </groups>
    <test started-at="2024-12-16T13:50:17 IST" name="Test" finished-at="2024-12-16T13:51:21 IST" duration-ms="64316">
      <class name="com.shop.End_to_End_Flow">
        <test-method is-config="true" signature="beforeClass()[pri:0, instance:com.shop.End_to_End_Flow@8c3b9d]" started-at="2024-12-16T13:50:17 IST" name="beforeClass" finished-at="2024-12-16T13:50:34 IST" duration-ms="17340" status="PASS">
          <reporter-output>
          </reporter-output>
        </test-method> <!-- beforeClass -->
        <test-method signature="TestLoginFunctioanlity()[pri:0, instance:com.shop.End_to_End_Flow@8c3b9d]" started-at="2024-12-16T13:50:34 IST" name="TestLoginFunctioanlity" finished-at="2024-12-16T13:50:44 IST" duration-ms="9794" status="PASS">
          <reporter-output>
          </reporter-output>
        </test-method> <!-- TestLoginFunctioanlity -->
        <test-method signature="closeInformation()[pri:1, instance:com.shop.End_to_End_Flow@8c3b9d]" started-at="2024-12-16T13:50:44 IST" name="closeInformation" finished-at="2024-12-16T13:50:55 IST" duration-ms="10494" status="PASS">
          <reporter-output>
          </reporter-output>
        </test-method> <!-- closeInformation -->
        <test-method signature="Product_MegaMenu()[pri:2, instance:com.shop.End_to_End_Flow@8c3b9d]" started-at="2024-12-16T13:50:55 IST" name="Product_MegaMenu" finished-at="2024-12-16T13:51:00 IST" duration-ms="5860" status="PASS">
          <reporter-output>
          </reporter-output>
        </test-method> <!-- Product_MegaMenu -->
        <test-method signature="PLP()[pri:3, instance:com.shop.End_to_End_Flow@8c3b9d]" started-at="2024-12-16T13:51:00 IST" name="PLP" finished-at="2024-12-16T13:51:07 IST" duration-ms="6818" status="PASS">
          <reporter-output>
          </reporter-output>
        </test-method> <!-- PLP -->
        <test-method signature="PDP()[pri:4, instance:com.shop.End_to_End_Flow@8c3b9d]" started-at="2024-12-16T13:51:07 IST" name="PDP" finished-at="2024-12-16T13:51:21 IST" duration-ms="13370" status="FAIL">
          <exception class="org.openqa.selenium.NoSuchElementException">
            <message>
              <![CDATA[no such element: Unable to locate element: {"method":"xpath","selector":"//button[@id ='top-cart-btn-checkout']"}
  (Session info: chrome=131.0.6778.139)
For documentation on this error, please visit: https://www.selenium.dev/documentation/webdriver/troubleshooting/errors#no-such-element-exception
Build info: version: '4.13.0', revision: 'ba948ece5b*'
System info: os.name: 'Windows 10', os.arch: 'amd64', os.version: '10.0', java.version: '21.0.5'
Driver info: org.openqa.selenium.chrome.ChromeDriver
Command: [562a2d9e3f09ee55333d527d86a3e881, findElement {using=xpath, value=//button[@id ='top-cart-btn-checkout']}]
Capabilities {acceptInsecureCerts: false, browserName: chrome, browserVersion: 131.0.6778.139, chrome: {chromedriverVersion: 131.0.6778.108 (3b014839fbc..., userDataDir: C:\Users\VISHAL~1\AppData\L...}, fedcm:accounts: true, goog:chromeOptions: {debuggerAddress: localhost:59788}, networkConnectionEnabled: false, pageLoadStrategy: normal, platformName: windows, proxy: Proxy(), se:cdp: ws://localhost:59788/devtoo..., se:cdpVersion: 131.0.6778.139, setWindowRect: true, strictFileInteractability: false, timeouts: {implicit: 0, pageLoad: 300000, script: 30000}, unhandledPromptBehavior: dismiss and notify, webauthn:extension:credBlob: true, webauthn:extension:largeBlob: true, webauthn:extension:minPinLength: true, webauthn:extension:prf: true, webauthn:virtualAuthenticators: true}
Session ID: 562a2d9e3f09ee55333d527d86a3e881]]>
            </message>
            <full-stacktrace>
              <![CDATA[org.openqa.selenium.NoSuchElementException: no such element: Unable to locate element: {"method":"xpath","selector":"//button[@id ='top-cart-btn-checkout']"}
  (Session info: chrome=131.0.6778.139)
For documentation on this error, please visit: https://www.selenium.dev/documentation/webdriver/troubleshooting/errors#no-such-element-exception
Build info: version: '4.13.0', revision: 'ba948ece5b*'
System info: os.name: 'Windows 10', os.arch: 'amd64', os.version: '10.0', java.version: '21.0.5'
Driver info: org.openqa.selenium.chrome.ChromeDriver
Command: [562a2d9e3f09ee55333d527d86a3e881, findElement {using=xpath, value=//button[@id ='top-cart-btn-checkout']}]
Capabilities {acceptInsecureCerts: false, browserName: chrome, browserVersion: 131.0.6778.139, chrome: {chromedriverVersion: 131.0.6778.108 (3b014839fbc..., userDataDir: C:\Users\VISHAL~1\AppData\L...}, fedcm:accounts: true, goog:chromeOptions: {debuggerAddress: localhost:59788}, networkConnectionEnabled: false, pageLoadStrategy: normal, platformName: windows, proxy: Proxy(), se:cdp: ws://localhost:59788/devtoo..., se:cdpVersion: 131.0.6778.139, setWindowRect: true, strictFileInteractability: false, timeouts: {implicit: 0, pageLoad: 300000, script: 30000}, unhandledPromptBehavior: dismiss and notify, webauthn:extension:credBlob: true, webauthn:extension:largeBlob: true, webauthn:extension:minPinLength: true, webauthn:extension:prf: true, webauthn:virtualAuthenticators: true}
Session ID: 562a2d9e3f09ee55333d527d86a3e881
at java.base/jdk.internal.reflect.DirectConstructorHandleAccessor.newInstance(DirectConstructorHandleAccessor.java:62)
at java.base/java.lang.reflect.Constructor.newInstanceWithCaller(Constructor.java:502)
at java.base/java.lang.reflect.Constructor.newInstance(Constructor.java:486)
at org.openqa.selenium.remote.codec.w3c.W3CHttpResponseCodec.createException(W3CHttpResponseCodec.java:200)
at org.openqa.selenium.remote.codec.w3c.W3CHttpResponseCodec.decode(W3CHttpResponseCodec.java:133)
at org.openqa.selenium.remote.codec.w3c.W3CHttpResponseCodec.decode(W3CHttpResponseCodec.java:52)
at org.openqa.selenium.remote.HttpCommandExecutor.execute(HttpCommandExecutor.java:191)
at org.openqa.selenium.remote.service.DriverCommandExecutor.invokeExecute(DriverCommandExecutor.java:196)
at org.openqa.selenium.remote.service.DriverCommandExecutor.execute(DriverCommandExecutor.java:171)
at org.openqa.selenium.remote.RemoteWebDriver.execute(RemoteWebDriver.java:602)
at org.openqa.selenium.remote.ElementLocation$ElementFinder$2.findElement(ElementLocation.java:165)
at org.openqa.selenium.remote.ElementLocation.findElement(ElementLocation.java:59)
at org.openqa.selenium.remote.RemoteWebDriver.findElement(RemoteWebDriver.java:359)
at org.openqa.selenium.remote.RemoteWebDriver.findElement(RemoteWebDriver.java:353)
at com.shop.End_to_End_Flow.PDP(End_to_End_Flow.java:60)
at java.base/jdk.internal.reflect.DirectMethodHandleAccessor.invoke(DirectMethodHandleAccessor.java:103)
at java.base/java.lang.reflect.Method.invoke(Method.java:580)
at org.testng.internal.invokers.MethodInvocationHelper.invokeMethod(MethodInvocationHelper.java:141)
at org.testng.internal.invokers.TestInvoker.invokeMethod(TestInvoker.java:686)
at org.testng.internal.invokers.TestInvoker.invokeTestMethod(TestInvoker.java:230)
at org.testng.internal.invokers.MethodRunner.runInSequence(MethodRunner.java:63)
at org.testng.internal.invokers.TestInvoker$MethodInvocationAgent.invoke(TestInvoker.java:992)
at org.testng.internal.invokers.TestInvoker.invokeTestMethods(TestInvoker.java:203)
at org.testng.internal.invokers.TestMethodWorker.invokeTestMethods(TestMethodWorker.java:154)
at org.testng.internal.invokers.TestMethodWorker.run(TestMethodWorker.java:134)
at java.base/java.util.ArrayList.forEach(ArrayList.java:1596)
at org.testng.TestRunner.privateRun(TestRunner.java:739)
at org.testng.TestRunner.run(TestRunner.java:614)
at org.testng.SuiteRunner.runTest(SuiteRunner.java:421)
at org.testng.SuiteRunner.runSequentially(SuiteRunner.java:413)
at org.testng.SuiteRunner.privateRun(SuiteRunner.java:373)
at org.testng.SuiteRunner.run(SuiteRunner.java:312)
at org.testng.SuiteRunnerWorker.runSuite(SuiteRunnerWorker.java:52)
at org.testng.SuiteRunnerWorker.run(SuiteRunnerWorker.java:95)
at org.testng.TestNG.runSuitesSequentially(TestNG.java:1274)
at org.testng.TestNG.runSuitesLocally(TestNG.java:1208)
at org.testng.TestNG.runSuites(TestNG.java:1112)
at org.testng.TestNG.run(TestNG.java:1079)
at org.testng.remote.AbstractRemoteTestNG.run(AbstractRemoteTestNG.java:115)
at org.testng.remote.RemoteTestNG.initAndRun(RemoteTestNG.java:293)
at org.testng.remote.RemoteTestNG.main(RemoteTestNG.java:91)
]]>
            </full-stacktrace>
          </exception> <!-- org.openqa.selenium.NoSuchElementException -->
          <reporter-output>
          </reporter-output>
        </test-method> <!-- PDP -->
        <test-method is-config="true" signature="afterClass()[pri:0, instance:com.shop.End_to_End_Flow@8c3b9d]" started-at="2024-12-16T13:51:21 IST" name="afterClass" finished-at="2024-12-16T13:51:21 IST" duration-ms="537" status="PASS">
          <reporter-output>
          </reporter-output>
        </test-method> <!-- afterClass -->
      </class> <!-- com.shop.End_to_End_Flow -->
    </test> <!-- Test -->
  </suite> <!-- Suite -->
</testng-results>
